1755370506.860506 client started (70965): version 3.5a, socket /tmp/tmux-1000/default, protocol 8
1755370506.860525 on Linux 6.15.2-arch1-1 #1 SMP PREEMPT_DYNAMIC Tue, 10 Jun 2025 21:32:33 +0000
1755370506.860528 using libevent 2.1.12-stable poll
1755370506.860529 using ncurses 6.5 20240427
1755370506.860540 flags are 0x10010000
1755370506.860550 socket is /tmp/tmux-1000/default
1755370506.860558 trying connect
1755370506.860603 add peer 0x55796ca294a0: 6 ((nil))
1755370506.860814 sending message 111 to peer 0x55796ca294a0 (8 bytes)
1755370506.860817 sending message 111 to peer 0x55796ca294a0 (8 bytes)
1755370506.860819 sending message 101 to peer 0x55796ca294a0 (14 bytes)
1755370506.860821 sending message 109 to peer 0x55796ca294a0 (4 bytes)
1755370506.860823 sending message 102 to peer 0x55796ca294a0 (11 bytes)
1755370506.860825 sending message 108 to peer 0x55796ca294a0 (40 bytes)
1755370506.860827 sending message 112 to peer 0x55796ca294a0 (70 bytes)
1755370506.860828 sending message 112 to peer 0x55796ca294a0 (5 bytes)
1755370506.860830 sending message 112 to peer 0x55796ca294a0 (5 bytes)
1755370506.860832 sending message 112 to peer 0x55796ca294a0 (6 bytes)
1755370506.860834 sending message 112 to peer 0x55796ca294a0 (6 bytes)
1755370506.860835 sending message 112 to peer 0x55796ca294a0 (11 bytes)
1755370506.860837 sending message 112 to peer 0x55796ca294a0 (10 bytes)
1755370506.860839 sending message 112 to peer 0x55796ca294a0 (13 bytes)
1755370506.860841 sending message 112 to peer 0x55796ca294a0 (13 bytes)
1755370506.860842 sending message 112 to peer 0x55796ca294a0 (18 bytes)
1755370506.860844 sending message 112 to peer 0x55796ca294a0 (11 bytes)
1755370506.860846 sending message 112 to peer 0x55796ca294a0 (10 bytes)
1755370506.860848 sending message 112 to peer 0x55796ca294a0 (15 bytes)
1755370506.860849 sending message 112 to peer 0x55796ca294a0 (21 bytes)
1755370506.860851 sending message 112 to peer 0x55796ca294a0 (13 bytes)
1755370506.860853 sending message 112 to peer 0x55796ca294a0 (7 bytes)
1755370506.860855 sending message 112 to peer 0x55796ca294a0 (13 bytes)
1755370506.860856 sending message 112 to peer 0x55796ca294a0 (7 bytes)
1755370506.860858 sending message 112 to peer 0x55796ca294a0 (13 bytes)
1755370506.860860 sending message 112 to peer 0x55796ca294a0 (9 bytes)
1755370506.860862 sending message 112 to peer 0x55796ca294a0 (21 bytes)
1755370506.860863 sending message 112 to peer 0x55796ca294a0 (13 bytes)
1755370506.860865 sending message 112 to peer 0x55796ca294a0 (8 bytes)
1755370506.860867 sending message 112 to peer 0x55796ca294a0 (12 bytes)
1755370506.860869 sending message 112 to peer 0x55796ca294a0 (13 bytes)
1755370506.860870 sending message 112 to peer 0x55796ca294a0 (9 bytes)
1755370506.860872 sending message 112 to peer 0x55796ca294a0 (9 bytes)
1755370506.860874 sending message 112 to peer 0x55796ca294a0 (12 bytes)
1755370506.860875 sending message 112 to peer 0x55796ca294a0 (8 bytes)
1755370506.860877 sending message 112 to peer 0x55796ca294a0 (8 bytes)
1755370506.860879 sending message 112 to peer 0x55796ca294a0 (7 bytes)
1755370506.860881 sending message 112 to peer 0x55796ca294a0 (7 bytes)
1755370506.860882 sending message 112 to peer 0x55796ca294a0 (9 bytes)
1755370506.860884 sending message 112 to peer 0x55796ca294a0 (13 bytes)
1755370506.860886 sending message 112 to peer 0x55796ca294a0 (6 bytes)
1755370506.860887 sending message 112 to peer 0x55796ca294a0 (9 bytes)
1755370506.860889 sending message 112 to peer 0x55796ca294a0 (15 bytes)
1755370506.860891 sending message 112 to peer 0x55796ca294a0 (13 bytes)
1755370506.860893 sending message 112 to peer 0x55796ca294a0 (12 bytes)
1755370506.860894 sending message 112 to peer 0x55796ca294a0 (8 bytes)
1755370506.860896 sending message 112 to peer 0x55796ca294a0 (14 bytes)
1755370506.860898 sending message 112 to peer 0x55796ca294a0 (11 bytes)
1755370506.860900 sending message 112 to peer 0x55796ca294a0 (9 bytes)
1755370506.860901 sending message 112 to peer 0x55796ca294a0 (10 bytes)
1755370506.860903 sending message 112 to peer 0x55796ca294a0 (10 bytes)
1755370506.860910 sending message 112 to peer 0x55796ca294a0 (10 bytes)
1755370506.860912 sending message 112 to peer 0x55796ca294a0 (10 bytes)
1755370506.860914 sending message 112 to peer 0x55796ca294a0 (11 bytes)
1755370506.860915 sending message 112 to peer 0x55796ca294a0 (12 bytes)
1755370506.860917 sending message 112 to peer 0x55796ca294a0 (12 bytes)
1755370506.860919 sending message 112 to peer 0x55796ca294a0 (12 bytes)
1755370506.860921 sending message 112 to peer 0x55796ca294a0 (12 bytes)
1755370506.860923 sending message 112 to peer 0x55796ca294a0 (12 bytes)
1755370506.860924 sending message 112 to peer 0x55796ca294a0 (11 bytes)
1755370506.860926 sending message 112 to peer 0x55796ca294a0 (11 bytes)
1755370506.860928 sending message 112 to peer 0x55796ca294a0 (12 bytes)
1755370506.860929 sending message 112 to peer 0x55796ca294a0 (12 bytes)
1755370506.860931 sending message 112 to peer 0x55796ca294a0 (12 bytes)
1755370506.860933 sending message 112 to peer 0x55796ca294a0 (12 bytes)
1755370506.860935 sending message 112 to peer 0x55796ca294a0 (12 bytes)
1755370506.860936 sending message 112 to peer 0x55796ca294a0 (10 bytes)
1755370506.860938 sending message 112 to peer 0x55796ca294a0 (12 bytes)
1755370506.860940 sending message 112 to peer 0x55796ca294a0 (13 bytes)
1755370506.860941 sending message 112 to peer 0x55796ca294a0 (13 bytes)
1755370506.860943 sending message 112 to peer 0x55796ca294a0 (13 bytes)
1755370506.860945 sending message 112 to peer 0x55796ca294a0 (13 bytes)
1755370506.860947 sending message 112 to peer 0x55796ca294a0 (13 bytes)
1755370506.860948 sending message 112 to peer 0x55796ca294a0 (8 bytes)
1755370506.860950 sending message 112 to peer 0x55796ca294a0 (11 bytes)
1755370506.860952 sending message 112 to peer 0x55796ca294a0 (11 bytes)
1755370506.860954 sending message 112 to peer 0x55796ca294a0 (11 bytes)
1755370506.860955 sending message 112 to peer 0x55796ca294a0 (12 bytes)
1755370506.860957 sending message 112 to peer 0x55796ca294a0 (12 bytes)
1755370506.860959 sending message 112 to peer 0x55796ca294a0 (12 bytes)
1755370506.860961 sending message 112 to peer 0x55796ca294a0 (12 bytes)
1755370506.860962 sending message 112 to peer 0x55796ca294a0 (13 bytes)
1755370506.860964 sending message 112 to peer 0x55796ca294a0 (13 bytes)
1755370506.860966 sending message 112 to peer 0x55796ca294a0 (13 bytes)
1755370506.860968 sending message 112 to peer 0x55796ca294a0 (8 bytes)
1755370506.860969 sending message 112 to peer 0x55796ca294a0 (13 bytes)
1755370506.860971 sending message 112 to peer 0x55796ca294a0 (13 bytes)
1755370506.860973 sending message 112 to peer 0x55796ca294a0 (13 bytes)
1755370506.860975 sending message 112 to peer 0x55796ca294a0 (13 bytes)
1755370506.860976 sending message 112 to peer 0x55796ca294a0 (13 bytes)
1755370506.860978 sending message 112 to peer 0x55796ca294a0 (12 bytes)
1755370506.860980 sending message 112 to peer 0x55796ca294a0 (12 bytes)
1755370506.860982 sending message 112 to peer 0x55796ca294a0 (12 bytes)
1755370506.860983 sending message 112 to peer 0x55796ca294a0 (12 bytes)
1755370506.860985 sending message 112 to peer 0x55796ca294a0 (13 bytes)
1755370506.860987 sending message 112 to peer 0x55796ca294a0 (8 bytes)
1755370506.860989 sending message 112 to peer 0x55796ca294a0 (13 bytes)
1755370506.860990 sending message 112 to peer 0x55796ca294a0 (13 bytes)
1755370506.860992 sending message 112 to peer 0x55796ca294a0 (13 bytes)
1755370506.860994 sending message 112 to peer 0x55796ca294a0 (13 bytes)
1755370506.860996 sending message 112 to peer 0x55796ca294a0 (13 bytes)
1755370506.860997 sending message 112 to peer 0x55796ca294a0 (13 bytes)
1755370506.860999 sending message 112 to peer 0x55796ca294a0 (13 bytes)
1755370506.861001 sending message 112 to peer 0x55796ca294a0 (12 bytes)
1755370506.861003 sending message 112 to peer 0x55796ca294a0 (12 bytes)
1755370506.861004 sending message 112 to peer 0x55796ca294a0 (12 bytes)
1755370506.861006 sending message 112 to peer 0x55796ca294a0 (8 bytes)
1755370506.861008 sending message 112 to peer 0x55796ca294a0 (12 bytes)
1755370506.861015 sending message 112 to peer 0x55796ca294a0 (13 bytes)
1755370506.861017 sending message 112 to peer 0x55796ca294a0 (13 bytes)
1755370506.861019 sending message 112 to peer 0x55796ca294a0 (13 bytes)
1755370506.861021 sending message 112 to peer 0x55796ca294a0 (13 bytes)
1755370506.861022 sending message 112 to peer 0x55796ca294a0 (13 bytes)
1755370506.861024 sending message 112 to peer 0x55796ca294a0 (13 bytes)
1755370506.861026 sending message 112 to peer 0x55796ca294a0 (13 bytes)
1755370506.861028 sending message 112 to peer 0x55796ca294a0 (13 bytes)
1755370506.861029 sending message 112 to peer 0x55796ca294a0 (12 bytes)
1755370506.861031 sending message 112 to peer 0x55796ca294a0 (10 bytes)
1755370506.861033 sending message 112 to peer 0x55796ca294a0 (12 bytes)
1755370506.861035 sending message 112 to peer 0x55796ca294a0 (12 bytes)
1755370506.861036 sending message 112 to peer 0x55796ca294a0 (12 bytes)
1755370506.861038 sending message 112 to peer 0x55796ca294a0 (13 bytes)
1755370506.861040 sending message 112 to peer 0x55796ca294a0 (13 bytes)
1755370506.861041 sending message 112 to peer 0x55796ca294a0 (13 bytes)
1755370506.861043 sending message 112 to peer 0x55796ca294a0 (13 bytes)
1755370506.861045 sending message 112 to peer 0x55796ca294a0 (13 bytes)
1755370506.861047 sending message 112 to peer 0x55796ca294a0 (13 bytes)
1755370506.861048 sending message 112 to peer 0x55796ca294a0 (13 bytes)
1755370506.861050 sending message 112 to peer 0x55796ca294a0 (10 bytes)
1755370506.861052 sending message 112 to peer 0x55796ca294a0 (13 bytes)
1755370506.861054 sending message 112 to peer 0x55796ca294a0 (12 bytes)
1755370506.861055 sending message 112 to peer 0x55796ca294a0 (12 bytes)
1755370506.861057 sending message 112 to peer 0x55796ca294a0 (12 bytes)
1755370506.861059 sending message 112 to peer 0x55796ca294a0 (10 bytes)
1755370506.861068 sending message 112 to peer 0x55796ca294a0 (10 bytes)
1755370506.861072 sending message 112 to peer 0x55796ca294a0 (10 bytes)
1755370506.861074 sending message 112 to peer 0x55796ca294a0 (12 bytes)
1755370506.861076 sending message 112 to peer 0x55796ca294a0 (13 bytes)
1755370506.861077 sending message 112 to peer 0x55796ca294a0 (13 bytes)
1755370506.861079 sending message 112 to peer 0x55796ca294a0 (13 bytes)
1755370506.861081 sending message 112 to peer 0x55796ca294a0 (13 bytes)
1755370506.861082 sending message 112 to peer 0x55796ca294a0 (13 bytes)
1755370506.861084 sending message 112 to peer 0x55796ca294a0 (11 bytes)
1755370506.861086 sending message 112 to peer 0x55796ca294a0 (11 bytes)
1755370506.861088 sending message 112 to peer 0x55796ca294a0 (12 bytes)
1755370506.861089 sending message 112 to peer 0x55796ca294a0 (12 bytes)
1755370506.861091 sending message 112 to peer 0x55796ca294a0 (12 bytes)
1755370506.861093 sending message 112 to peer 0x55796ca294a0 (12 bytes)
1755370506.861095 sending message 112 to peer 0x55796ca294a0 (12 bytes)
1755370506.861096 sending message 112 to peer 0x55796ca294a0 (11 bytes)
1755370506.861098 sending message 112 to peer 0x55796ca294a0 (12 bytes)
1755370506.861100 sending message 112 to peer 0x55796ca294a0 (12 bytes)
1755370506.861101 sending message 112 to peer 0x55796ca294a0 (13 bytes)
1755370506.861103 sending message 112 to peer 0x55796ca294a0 (13 bytes)
1755370506.861105 sending message 112 to peer 0x55796ca294a0 (13 bytes)
1755370506.861107 sending message 112 to peer 0x55796ca294a0 (13 bytes)
1755370506.861108 sending message 112 to peer 0x55796ca294a0 (13 bytes)
1755370506.861110 sending message 112 to peer 0x55796ca294a0 (10 bytes)
1755370506.861112 sending message 112 to peer 0x55796ca294a0 (9 bytes)
1755370506.861114 sending message 112 to peer 0x55796ca294a0 (12 bytes)
1755370506.861115 sending message 112 to peer 0x55796ca294a0 (13 bytes)
1755370506.861117 sending message 112 to peer 0x55796ca294a0 (13 bytes)
1755370506.861119 sending message 112 to peer 0x55796ca294a0 (13 bytes)
1755370506.861120 sending message 112 to peer 0x55796ca294a0 (13 bytes)
1755370506.861122 sending message 112 to peer 0x55796ca294a0 (13 bytes)
1755370506.861126 sending message 112 to peer 0x55796ca294a0 (9 bytes)
1755370506.861128 sending message 112 to peer 0x55796ca294a0 (12 bytes)
1755370506.861130 sending message 112 to peer 0x55796ca294a0 (13 bytes)
1755370506.861132 sending message 112 to peer 0x55796ca294a0 (13 bytes)
1755370506.861133 sending message 112 to peer 0x55796ca294a0 (13 bytes)
1755370506.861135 sending message 112 to peer 0x55796ca294a0 (13 bytes)
1755370506.861137 sending message 112 to peer 0x55796ca294a0 (13 bytes)
1755370506.861139 sending message 112 to peer 0x55796ca294a0 (11 bytes)
1755370506.861140 sending message 112 to peer 0x55796ca294a0 (12 bytes)
1755370506.861142 sending message 112 to peer 0x55796ca294a0 (13 bytes)
1755370506.861144 sending message 112 to peer 0x55796ca294a0 (13 bytes)
1755370506.861146 sending message 112 to peer 0x55796ca294a0 (13 bytes)
1755370506.861147 sending message 112 to peer 0x55796ca294a0 (13 bytes)
1755370506.861149 sending message 112 to peer 0x55796ca294a0 (13 bytes)
1755370506.861151 sending message 112 to peer 0x55796ca294a0 (11 bytes)
1755370506.861153 sending message 112 to peer 0x55796ca294a0 (12 bytes)
1755370506.861154 sending message 112 to peer 0x55796ca294a0 (12 bytes)
1755370506.861156 sending message 112 to peer 0x55796ca294a0 (12 bytes)
1755370506.861158 sending message 112 to peer 0x55796ca294a0 (12 bytes)
1755370506.861160 sending message 112 to peer 0x55796ca294a0 (12 bytes)
1755370506.861161 sending message 112 to peer 0x55796ca294a0 (21 bytes)
1755370506.861163 sending message 112 to peer 0x55796ca294a0 (12 bytes)
1755370506.861165 sending message 112 to peer 0x55796ca294a0 (9 bytes)
1755370506.861167 sending message 112 to peer 0x55796ca294a0 (6 bytes)
1755370506.861168 sending message 112 to peer 0x55796ca294a0 (13 bytes)
1755370506.861170 sending message 112 to peer 0x55796ca294a0 (8 bytes)
1755370506.861172 sending message 112 to peer 0x55796ca294a0 (15 bytes)
1755370506.861174 sending message 112 to peer 0x55796ca294a0 (13 bytes)
1755370506.861175 sending message 112 to peer 0x55796ca294a0 (9 bytes)
1755370506.861177 sending message 112 to peer 0x55796ca294a0 (70 bytes)
1755370506.861179 sending message 112 to peer 0x55796ca294a0 (69 bytes)
1755370506.861181 sending message 112 to peer 0x55796ca294a0 (10 bytes)
1755370506.861183 sending message 112 to peer 0x55796ca294a0 (10 bytes)
1755370506.861185 sending message 112 to peer 0x55796ca294a0 (8 bytes)
1755370506.861186 sending message 112 to peer 0x55796ca294a0 (15 bytes)
1755370506.861188 sending message 112 to peer 0x55796ca294a0 (13 bytes)
1755370506.861190 sending message 112 to peer 0x55796ca294a0 (10 bytes)
1755370506.861192 sending message 112 to peer 0x55796ca294a0 (10 bytes)
1755370506.861194 sending message 112 to peer 0x55796ca294a0 (17 bytes)
1755370506.861195 sending message 112 to peer 0x55796ca294a0 (10 bytes)
1755370506.861197 sending message 112 to peer 0x55796ca294a0 (13 bytes)
1755370506.861199 sending message 112 to peer 0x55796ca294a0 (9 bytes)
1755370506.861201 sending message 112 to peer 0x55796ca294a0 (5 bytes)
1755370506.861203 sending message 112 to peer 0x55796ca294a0 (15 bytes)
1755370506.861205 sending message 104 to peer 0x55796ca294a0 (0 bytes)
1755370506.861207 sending message 110 to peer 0x55796ca294a0 (0 bytes)
1755370506.861209 sending message 107 to peer 0x55796ca294a0 (4 bytes)
1755370506.861211 sending message 105 to peer 0x55796ca294a0 (27 bytes)
1755370506.861213 sending message 105 to peer 0x55796ca294a0 (20 bytes)
1755370506.861215 sending message 105 to peer 0x55796ca294a0 (54 bytes)
1755370506.861216 sending message 105 to peer 0x55796ca294a0 (50 bytes)
1755370506.861218 sending message 105 to peer 0x55796ca294a0 (25 bytes)
1755370506.861220 sending message 105 to peer 0x55796ca294a0 (11 bytes)
1755370506.861222 sending message 105 to peer 0x55796ca294a0 (67 bytes)
1755370506.861224 sending message 105 to peer 0x55796ca294a0 (71 bytes)
1755370506.861226 sending message 105 to peer 0x55796ca294a0 (25 bytes)
1755370506.861228 sending message 105 to peer 0x55796ca294a0 (41 bytes)
1755370506.861232 sending message 105 to peer 0x55796ca294a0 (36 bytes)
1755370506.861234 sending message 105 to peer 0x55796ca294a0 (64 bytes)
1755370506.861235 sending message 105 to peer 0x55796ca294a0 (18 bytes)
1755370506.861237 sending message 105 to peer 0x55796ca294a0 (19 bytes)
1755370506.861239 sending message 105 to peer 0x55796ca294a0 (22 bytes)
1755370506.861241 sending message 105 to peer 0x55796ca294a0 (90 bytes)
1755370506.861243 sending message 105 to peer 0x55796ca294a0 (17 bytes)
1755370506.861244 sending message 105 to peer 0x55796ca294a0 (15 bytes)
1755370506.861246 sending message 105 to peer 0x55796ca294a0 (28 bytes)
1755370506.861248 sending message 105 to peer 0x55796ca294a0 (15 bytes)
1755370506.861250 sending message 105 to peer 0x55796ca294a0 (21 bytes)
1755370506.861252 sending message 105 to peer 0x55796ca294a0 (53 bytes)
1755370506.861253 sending message 105 to peer 0x55796ca294a0 (16 bytes)
1755370506.861255 sending message 105 to peer 0x55796ca294a0 (26 bytes)
1755370506.861257 sending message 105 to peer 0x55796ca294a0 (62 bytes)
1755370506.861259 sending message 105 to peer 0x55796ca294a0 (47 bytes)
1755370506.861261 sending message 105 to peer 0x55796ca294a0 (488 bytes)
1755370506.861263 sending message 105 to peer 0x55796ca294a0 (16 bytes)
1755370506.861265 sending message 105 to peer 0x55796ca294a0 (44 bytes)
1755370506.861267 sending message 105 to peer 0x55796ca294a0 (15 bytes)
1755370506.861268 sending message 105 to peer 0x55796ca294a0 (8 bytes)
1755370506.861270 sending message 105 to peer 0x55796ca294a0 (38 bytes)
1755370506.861272 sending message 105 to peer 0x55796ca294a0 (19 bytes)
1755370506.861274 sending message 105 to peer 0x55796ca294a0 (19 bytes)
1755370506.861276 sending message 105 to peer 0x55796ca294a0 (29 bytes)
1755370506.861278 sending message 105 to peer 0x55796ca294a0 (18 bytes)
1755370506.861279 sending message 105 to peer 0x55796ca294a0 (26 bytes)
1755370506.861281 sending message 105 to peer 0x55796ca294a0 (36 bytes)
1755370506.861283 sending message 105 to peer 0x55796ca294a0 (14 bytes)
1755370506.861285 sending message 105 to peer 0x55796ca294a0 (65 bytes)
1755370506.861287 sending message 105 to peer 0x55796ca294a0 (12 bytes)
1755370506.861288 sending message 105 to peer 0x55796ca294a0 (26 bytes)
1755370506.861290 sending message 105 to peer 0x55796ca294a0 (16 bytes)
1755370506.861292 sending message 105 to peer 0x55796ca294a0 (20 bytes)
1755370506.861294 sending message 105 to peer 0x55796ca294a0 (29 bytes)
1755370506.861295 sending message 105 to peer 0x55796ca294a0 (31 bytes)
1755370506.861297 sending message 105 to peer 0x55796ca294a0 (15 bytes)
1755370506.861299 sending message 105 to peer 0x55796ca294a0 (52 bytes)
1755370506.861301 sending message 105 to peer 0x55796ca294a0 (23 bytes)
1755370506.861302 sending message 105 to peer 0x55796ca294a0 (29 bytes)
1755370506.861304 sending message 105 to peer 0x55796ca294a0 (17 bytes)
1755370506.861306 sending message 105 to peer 0x55796ca294a0 (58 bytes)
1755370506.861308 sending message 105 to peer 0x55796ca294a0 (25 bytes)
1755370506.861309 sending message 105 to peer 0x55796ca294a0 (11 bytes)
1755370506.861311 sending message 105 to peer 0x55796ca294a0 (45 bytes)
1755370506.861313 sending message 105 to peer 0x55796ca294a0 (40 bytes)
1755370506.861315 sending message 105 to peer 0x55796ca294a0 (16 bytes)
1755370506.861317 sending message 105 to peer 0x55796ca294a0 (30 bytes)
1755370506.861319 sending message 106 to peer 0x55796ca294a0 (0 bytes)
1755370506.861355 sending message 200 to peer 0x55796ca294a0 (4 bytes)
1755370506.861357 client loop enter
1755370506.861698 peer 0x55796ca294a0 message 303
1755370506.861702 open write file 2 -
1755370506.861708 sending message 305 to peer 0x55796ca294a0 (8 bytes)
1755370506.861718 write check file 2
1755370506.861814 peer 0x55796ca294a0 message 304
1755370506.861818 write 58 to file 2
1755370506.861821 peer 0x55796ca294a0 message 203
1755370506.861824 file 2 58 bytes left
1755370506.861834 write check file 2
1755370506.861835 client loop exit
